# JRE version: Java(TM) SE Runtime Environment (7.0_76-b13) (build 1.7.0_76-b13)
# Java VM: Java HotSpot(TM) 64-Bit Server VM (24.76-b04 mixed mode windows-amd64 compressed oops)
Heap
 PSYoungGen      total 72192K, used 36508K [0x00000000eb100000, 0x00000000f4200000, 0x0000000100000000)
  eden space 65536K, 45% used [0x00000000eb100000,0x00000000ece282c0,0x00000000ef100000)
  from space 6656K, 99% used [0x00000000ef100000,0x00000000ef77f0d0,0x00000000ef780000)
  to   space 8704K, 0% used [0x00000000f3980000,0x00000000f3980000,0x00000000f4200000)
 ParOldGen       total 42496K, used 11292K [0x00000000c1400000, 0x00000000c3d80000, 0x00000000eb100000)
  object space 42496K, 26% used [0x00000000c1400000,0x00000000c1f072d0,0x00000000c3d80000)
 PSPermGen       total 21504K, used 18523K [0x00000000bc200000, 0x00000000bd700000, 0x00000000c1400000)
  object space 21504K, 86% used [0x00000000bc200000,0x00000000bd416d78,0x00000000bd700000)
GC Heap History (10 events):
Event: 1.214 GC heap before
{Heap before GC invocations=3 (full 0):
 PSYoungGen      total 18944K, used 18934K [0x00000000eb100000, 0x00000000ed600000, 0x0000000100000000)
  eden space 16384K, 100% used [0x00000000eb100000,0x00000000ec100000,0x00000000ec100000)
  from space 2560K, 99% used [0x00000000ec380000,0x00000000ec5fdbb8,0x00000000ec600000)
  to   space 2560K, 0% used [0x00000000ec100000,0x00000000ec100000,0x00000000ec380000)
 ParOldGen       total 42496K, used 1241K [0x00000000c1400000, 0x00000000c3d80000, 0x00000000eb100000)
  object space 42496K, 2% used [0x00000000c1400000,0x00000000c1536768,0x00000000c3d80000)
 PSPermGen       total 21504K, used 10439K [0x00000000bc200000, 0x00000000bd700000, 0x00000000c1400000)
  object space 21504K, 48% used [0x00000000bc200000,0x00000000bcc31c90,0x00000000bd700000)
Event: 1.220 GC heap after
Heap after GC invocations=3 (full 0):
 PSYoungGen      total 18944K, used 2536K [0x00000000eb100000, 0x00000000ed600000, 0x0000000100000000)
  eden space 16384K, 0% used [0x00000000eb100000,0x00000000eb100000,0x00000000ec100000)
  from space 2560K, 99% used [0x00000000ec100000,0x00000000ec37a020,0x00000000ec380000)
  to   space 2560K, 0% used [0x00000000ed380000,0x00000000ed380000,0x00000000ed600000)
 ParOldGen       total 42496K, used 3338K [0x00000000c1400000, 0x00000000c3d80000, 0x00000000eb100000)
  object space 42496K, 7% used [0x00000000c1400000,0x00000000c1742840,0x00000000c3d80000)
 PSPermGen       total 21504K, used 10439K [0x00000000bc200000, 0x00000000bd700000, 0x00000000c1400000)
  object space 21504K, 48% used [0x00000000bc200000,0x00000000bcc31c90,0x00000000bd700000)
}
Event: 1.592 GC heap before
{Heap before GC invocations=4 (full 0):
 PSYoungGen      total 18944K, used 18920K [0x00000000eb100000, 0x00000000ed600000, 0x0000000100000000)
  eden space 16384K, 100% used [0x00000000eb100000,0x00000000ec100000,0x00000000ec100000)
  from space 2560K, 99% used [0x00000000ec100000,0x00000000ec37a020,0x00000000ec380000)
  to   space 2560K, 0% used [0x00000000ed380000,0x00000000ed380000,0x00000000ed600000)
 ParOldGen       total 42496K, used 3338K [0x00000000c1400000, 0x00000000c3d80000, 0x00000000eb100000)
  object space 42496K, 7% used [0x00000000c1400000,0x00000000c1742840,0x00000000c3d80000)
 PSPermGen       total 21504K, used 12546K [0x00000000bc200000, 0x00000000bd700000, 0x00000000c1400000)
  object space 21504K, 58% used [0x00000000bc200000,0x00000000bce40bc8,0x00000000bd700000)
Event: 1.600 GC heap after
Heap after GC invocations=4 (full 0):
 PSYoungGen      total 35328K, used 2536K [0x00000000eb100000, 0x00000000ed600000, 0x0000000100000000)
  eden space 32768K, 0% used [0x00000000eb100000,0x00000000eb100000,0x00000000ed100000)
  from space 2560K, 99% used [0x00000000ed380000,0x00000000ed5fa020,0x00000000ed600000)
  to   space 2560K, 0% used [0x00000000ed100000,0x00000000ed100000,0x00000000ed380000)
 ParOldGen       total 42496K, used 5718K [0x00000000c1400000, 0x00000000c3d80000, 0x00000000eb100000)
  object space 42496K, 13% used [0x00000000c1400000,0x00000000c1995ac0,0x00000000c3d80000)
 PSPermGen       total 21504K, used 12546K [0x00000000bc200000, 0x00000000bd700000, 0x00000000c1400000)
  object space 21504K, 58% used [0x00000000bc200000,0x00000000bce40bc8,0x00000000bd700000)
}
Event: 2.220 GC heap before
{Heap before GC invocations=5 (full 0):
 PSYoungGen      total 35328K, used 35304K [0x00000000eb100000, 0x00000000ed600000, 0x0000000100000000)
  eden space 32768K, 100% used [0x00000000eb100000,0x00000000ed100000,0x00000000ed100000)
  from space 2560K, 99% used [0x00000000ed380000,0x00000000ed5fa020,0x00000000ed600000)
  to   space 2560K, 0% used [0x00000000ed100000,0x00000000ed100000,0x00000000ed380000)
 ParOldGen       total 42496K, used 5718K [0x00000000c1400000, 0x00000000c3d80000, 0x00000000eb100000)
  object space 42496K, 13% used [0x00000000c1400000,0x00000000c1995ac0,0x00000000c3d80000)
 PSPermGen       total 21504K, used 13788K [0x00000000bc200000, 0x00000000bd700000, 0x00000000c1400000)
  object space 21504K, 64% used [0x00000000bc200000,0x00000000bcf773a0,0x00000000bd700000)
Event: 2.235 GC heap after
Heap after GC invocations=5 (full 0):
 PSYoungGen      total 35328K, used 2560K [0x00000000eb100000, 0x00000000efe00000, 0x0000000100000000)
  eden space 32768K, 0% used [0x00000000eb100000,0x00000000eb100000,0x00000000ed100000)
  from space 2560K, 100% used [0x00000000ed100000,0x00000000ed380000,0x00000000ed380000)
  to   space 6656K, 0% used [0x00000000ef780000,0x00000000ef780000,0x00000000efe00000)
 ParOldGen       total 42496K, used 8960K [0x00000000c1400000, 0x00000000c3d80000, 0x00000000eb100000)
  object space 42496K, 21% used [0x00000000c1400000,0x00000000c1cc03e8,0x00000000c3d80000)
 PSPermGen       total 21504K, used 13788K [0x00000000bc200000, 0x00000000bd700000, 0x00000000c1400000)
  object space 21504K, 64% used [0x00000000bc200000,0x00000000bcf773a0,0x00000000bd700000)
}
Event: 2.642 GC heap before
{Heap before GC invocations=6 (full 0):
 PSYoungGen      total 35328K, used 35328K [0x00000000eb100000, 0x00000000efe00000, 0x0000000100000000)
  eden space 32768K, 100% used [0x00000000eb100000,0x00000000ed100000,0x00000000ed100000)
  from space 2560K, 100% used [0x00000000ed100000,0x00000000ed380000,0x00000000ed380000)
  to   space 6656K, 0% used [0x00000000ef780000,0x00000000ef780000,0x00000000efe00000)
 ParOldGen       total 42496K, used 8960K [0x00000000c1400000, 0x00000000c3d80000, 0x00000000eb100000)
  object space 42496K, 21% used [0x00000000c1400000,0x00000000c1cc03e8,0x00000000c3d80000)
 PSPermGen       total 21504K, used 14433K [0x00000000bc200000, 0x00000000bd700000, 0x00000000c1400000)
  object space 21504K, 67% used [0x00000000bc200000,0x00000000bd018728,0x00000000bd700000)
Event: 2.654 GC heap after
Heap after GC invocations=6 (full 0):
 PSYoungGen      total 72192K, used 4916K [0x00000000eb100000, 0x00000000efe00000, 0x0000000100000000)
  eden space 65536K, 0% used [0x00000000eb100000,0x00000000eb100000,0x00000000ef100000)
  from space 6656K, 73% used [0x00000000ef780000,0x00000000efc4d000,0x00000000efe00000)
  to   space 6656K, 0% used [0x00000000ef100000,0x00000000ef100000,0x00000000ef780000)
 ParOldGen       total 42496K, used 8960K [0x00000000c1400000, 0x00000000c3d80000, 0x00000000eb100000)
  object space 42496K, 21% used [0x00000000c1400000,0x00000000c1cc03e8,0x00000000c3d80000)
 PSPermGen       total 21504K, used 14433K [0x00000000bc200000, 0x00000000bd700000, 0x00000000c1400000)
  object space 21504K, 67% used [0x00000000bc200000,0x00000000bd018728,0x00000000bd700000)
}
Event: 3.557 GC heap before
{Heap before GC invocations=7 (full 0):
 PSYoungGen      total 72192K, used 70452K [0x00000000eb100000, 0x00000000efe00000, 0x0000000100000000)
  eden space 65536K, 100% used [0x00000000eb100000,0x00000000ef100000,0x00000000ef100000)
  from space 6656K, 73% used [0x00000000ef780000,0x00000000efc4d000,0x00000000efe00000)
  to   space 6656K, 0% used [0x00000000ef100000,0x00000000ef100000,0x00000000ef780000)
 ParOldGen       total 42496K, used 8960K [0x00000000c1400000, 0x00000000c3d80000, 0x00000000eb100000)
  object space 42496K, 21% used [0x00000000c1400000,0x00000000c1cc03e8,0x00000000c3d80000)
 PSPermGen       total 21504K, used 18131K [0x00000000bc200000, 0x00000000bd700000, 0x00000000c1400000)
  object space 21504K, 84% used [0x00000000bc200000,0x00000000bd3b4c88,0x00000000bd700000)
Event: 3.570 GC heap after
Heap after GC invocations=7 (full 0):
 PSYoungGen      total 72192K, used 6652K [0x00000000eb100000, 0x00000000f4200000, 0x0000000100000000)
  eden space 65536K, 0% used [0x00000000eb100000,0x00000000eb100000,0x00000000ef100000)
  from space 6656K, 99% used [0x00000000ef100000,0x00000000ef77f0d0,0x00000000ef780000)
  to   space 8704K, 0% used [0x00000000f3980000,0x00000000f3980000,0x00000000f4200000)
 ParOldGen       total 42496K, used 11292K [0x00000000c1400000, 0x00000000c3d80000, 0x00000000eb100000)
  object space 42496K, 26% used [0x00000000c1400000,0x00000000c1f072d0,0x00000000c3d80000)
 PSPermGen       total 21504K, used 18131K [0x00000000bc200000, 0x00000000bd700000, 0x00000000c1400000)
  object space 21504K, 84% used [0x00000000bc200000,0x00000000bd3b4c88,0x00000000bd700000)
}

